Flow report for final_project_top
Tue May 01 12:49:26 2018
Quartus II 64-Bit Version 15.0.0 Build 145 04/22/2015 Patches 0.01we SJ Web Edition


---------------------
; Table of Contents ;
---------------------
  1. Legal Notice
  2. Flow Summary
  3. Flow Settings
  4. Flow Non-Default Global Settings
  5. Flow Elapsed Time
  6. Flow OS Summary
  7. Flow Log
  8. Flow Messages
  9. Flow Suppressed Messages



----------------
; Legal Notice ;
----------------
Copyright (C) 1991-2015 Altera Corporation. All rights reserved.
Your use of Altera Corporation's design tools, logic functions 
and other software and tools, and its AMPP partner logic 
functions, and any output files from any of the foregoing 
(including device programming or simulation files), and any 
associated documentation or information are expressly subject 
to the terms and conditions of the Altera Program License 
Subscription Agreement, the Altera Quartus II License Agreement,
the Altera MegaCore Function License Agreement, or other 
applicable license agreement, including, without limitation, 
that your use is for the sole purpose of programming logic 
devices manufactured by Altera and sold by Altera or its 
authorized distributors.  Please refer to the applicable 
agreement for further details.



+------------------------------------------------------------------------------------------------+
; Flow Summary                                                                                   ;
+------------------------------------+-----------------------------------------------------------+
; Flow Status                        ; Successful - Tue May 01 12:49:26 2018                     ;
; Quartus II 64-Bit Version          ; 15.0.0 Build 145 04/22/2015 Patches 0.01we SJ Web Edition ;
; Revision Name                      ; final_project_top                                         ;
; Top-level Entity Name              ; final_top_level                                           ;
; Family                             ; Cyclone IV E                                              ;
; Device                             ; EP4CE115F29C7                                             ;
; Timing Models                      ; Final                                                     ;
; Total logic elements               ; 20,048 / 114,480 ( 18 % )                                 ;
;     Total combinational functions  ; 19,969 / 114,480 ( 17 % )                                 ;
;     Dedicated logic registers      ; 1,507 / 114,480 ( 1 % )                                   ;
; Total registers                    ; 1514                                                      ;
; Total pins                         ; 112 / 529 ( 21 % )                                        ;
; Total virtual pins                 ; 0                                                         ;
; Total memory bits                  ; 1,843,200 / 3,981,312 ( 46 % )                            ;
; Embedded Multiplier 9-bit elements ; 296 / 532 ( 56 % )                                        ;
; Total PLLs                         ; 1 / 4 ( 25 % )                                            ;
+------------------------------------+-----------------------------------------------------------+


+-----------------------------------------+
; Flow Settings                           ;
+-------------------+---------------------+
; Option            ; Setting             ;
+-------------------+---------------------+
; Start date & time ; 05/01/2018 12:38:32 ;
; Main task         ; Compilation         ;
; Revision Name     ; final_project_top   ;
+-------------------+---------------------+


+-------------------------------------------------------------------------------------------------------------------------------------+
; Flow Non-Default Global Settings                                                                                                    ;
+--------------------------------------+---------------------------------------+-------------------+-----------------+----------------+
; Assignment Name                      ; Value                                 ; Default Value     ; Entity Name     ; Section Id     ;
+--------------------------------------+---------------------------------------+-------------------+-----------------+----------------+
; COMPILER_SIGNATURE_ID                ; 167690710926163.152519631211952       ; --                ; --              ; --             ;
; EDA_DESIGN_INSTANCE_NAME             ; NA                                    ; --                ; --              ; testbench      ;
; EDA_NATIVELINK_SIMULATION_TEST_BENCH ; testbench                             ; --                ; --              ; eda_simulation ;
; EDA_OUTPUT_DATA_FORMAT               ; Systemverilog Hdl                     ; --                ; --              ; eda_simulation ;
; EDA_SIMULATION_TOOL                  ; ModelSim-Altera (SystemVerilog)       ; <None>            ; --              ; --             ;
; EDA_TEST_BENCH_ENABLE_STATUS         ; TEST_BENCH_MODE                       ; --                ; --              ; eda_simulation ;
; EDA_TEST_BENCH_FILE                  ; output_files/testbench.sv             ; --                ; --              ; testbench      ;
; EDA_TEST_BENCH_MODULE_NAME           ; testbench                             ; --                ; --              ; testbench      ;
; EDA_TEST_BENCH_NAME                  ; testbench                             ; --                ; --              ; eda_simulation ;
; EDA_TEST_BENCH_RUN_SIM_FOR           ; 30 us                                 ; --                ; --              ; testbench      ;
; EDA_TIME_SCALE                       ; 1 ps                                  ; --                ; --              ; eda_simulation ;
; MAX_CORE_JUNCTION_TEMP               ; 85                                    ; --                ; --              ; --             ;
; MIN_CORE_JUNCTION_TEMP               ; 0                                     ; --                ; --              ; --             ;
; MISC_FILE                            ; vga_clk.ppf                           ; --                ; --              ; --             ;
; NOMINAL_CORE_SUPPLY_VOLTAGE          ; 1.2V                                  ; --                ; --              ; --             ;
; PARTITION_COLOR                      ; 16764057                              ; --                ; final_top_level ; Top            ;
; PARTITION_FITTER_PRESERVATION_LEVEL  ; PLACEMENT_AND_ROUTING                 ; --                ; final_top_level ; Top            ;
; PARTITION_NETLIST_TYPE               ; SOURCE                                ; --                ; final_top_level ; Top            ;
; POWER_BOARD_THERMAL_MODEL            ; None (CONSERVATIVE)                   ; --                ; --              ; --             ;
; POWER_PRESET_COOLING_SOLUTION        ; 23 MM HEAT SINK WITH 200 LFPM AIRFLOW ; --                ; --              ; --             ;
; PROJECT_OUTPUT_DIRECTORY             ; output_files                          ; --                ; --              ; --             ;
; TIMEQUEST_MULTICORNER_ANALYSIS       ; Off                                   ; On                ; --              ; --             ;
; TOP_LEVEL_ENTITY                     ; final_top_level                       ; final_project_top ; --              ; --             ;
+--------------------------------------+---------------------------------------+-------------------+-----------------+----------------+


+-------------------------------------------------------------------------------------------------------------------------------+
; Flow Elapsed Time                                                                                                             ;
+---------------------------+--------------+-------------------------+---------------------+------------------------------------+
; Module Name               ; Elapsed Time ; Average Processors Used ; Peak Virtual Memory ; Total CPU Time (on all processors) ;
+---------------------------+--------------+-------------------------+---------------------+------------------------------------+
; Analysis & Synthesis      ; 00:04:29     ; 1.0                     ; 1128 MB             ; 00:04:37                           ;
; Fitter                    ; 00:05:01     ; 1.6                     ; 1692 MB             ; 00:07:27                           ;
; Assembler                 ; 00:00:05     ; 1.0                     ; 752 MB              ; 00:00:05                           ;
; TimeQuest Timing Analyzer ; 00:00:43     ; 1.9                     ; 1180 MB             ; 00:00:47                           ;
; EDA Netlist Writer        ; 00:00:16     ; 1.0                     ; 883 MB              ; 00:00:15                           ;
; Total                     ; 00:10:34     ; --                      ; --                  ; 00:13:11                           ;
+---------------------------+--------------+-------------------------+---------------------+------------------------------------+


+----------------------------------------------------------------------------------------+
; Flow OS Summary                                                                        ;
+---------------------------+------------------+-----------+------------+----------------+
; Module Name               ; Machine Hostname ; OS Name   ; OS Version ; Processor type ;
+---------------------------+------------------+-----------+------------+----------------+
; Analysis & Synthesis      ; DESKTOP-9VU7VI0  ; Windows 7 ; 6.2        ; x86_64         ;
; Fitter                    ; DESKTOP-9VU7VI0  ; Windows 7 ; 6.2        ; x86_64         ;
; Assembler                 ; DESKTOP-9VU7VI0  ; Windows 7 ; 6.2        ; x86_64         ;
; TimeQuest Timing Analyzer ; DESKTOP-9VU7VI0  ; Windows 7 ; 6.2        ; x86_64         ;
; EDA Netlist Writer        ; DESKTOP-9VU7VI0  ; Windows 7 ; 6.2        ; x86_64         ;
+---------------------------+------------------+-----------+------------+----------------+


------------
; Flow Log ;
------------
quartus_map --read_settings_files=on --write_settings_files=off final_project -c final_project_top
quartus_fit --read_settings_files=off --write_settings_files=off final_project -c final_project_top
quartus_asm --read_settings_files=off --write_settings_files=off final_project -c final_project_top
quartus_sta final_project -c final_project_top
quartus_eda --read_settings_files=off --write_settings_files=off final_project -c final_project_top



